c:\users\craze\documents\coding\monolith-pixel-gun-3d-main\x64\debug\proplamatic.pdb
c:\users\craze\documents\coding\monolith-pixel-gun-3d-main\x64\debug\proplamatic.idb
c:\users\craze\documents\coding\monolith-pixel-gun-3d-main\dependencies\proplamatic\x64\debug\type.obj
c:\users\craze\documents\coding\monolith-pixel-gun-3d-main\dependencies\proplamatic\x64\debug\string.obj
c:\users\craze\documents\coding\monolith-pixel-gun-3d-main\dependencies\proplamatic\x64\debug\object.obj
c:\users\craze\documents\coding\monolith-pixel-gun-3d-main\dependencies\proplamatic\x64\debug\patternstructs.obj
c:\users\craze\documents\coding\monolith-pixel-gun-3d-main\dependencies\proplamatic\x64\debug\methodinfo.obj
c:\users\craze\documents\coding\monolith-pixel-gun-3d-main\dependencies\proplamatic\x64\debug\image.obj
c:\users\craze\documents\coding\monolith-pixel-gun-3d-main\dependencies\proplamatic\x64\debug\fieldinfo.obj
c:\users\craze\documents\coding\monolith-pixel-gun-3d-main\dependencies\proplamatic\x64\debug\domain.obj
c:\users\craze\documents\coding\monolith-pixel-gun-3d-main\dependencies\proplamatic\x64\debug\class.obj
c:\users\craze\documents\coding\monolith-pixel-gun-3d-main\dependencies\proplamatic\x64\debug\dumper.obj
c:\users\craze\documents\coding\monolith-pixel-gun-3d-main\dependencies\proplamatic\x64\debug\commoncshrap.obj
c:\users\craze\documents\coding\monolith-pixel-gun-3d-main\dependencies\proplamatic\x64\debug\classmapping.obj
c:\users\craze\documents\coding\monolith-pixel-gun-3d-main\dependencies\proplamatic\x64\debug\main.obj
c:\users\craze\documents\coding\monolith-pixel-gun-3d-main\dependencies\proplamatic\x64\debug\exceptionbase.obj
c:\users\craze\documents\coding\monolith-pixel-gun-3d-main\dependencies\proplamatic\x64\debug\vm-functions.obj
c:\users\craze\documents\coding\monolith-pixel-gun-3d-main\dependencies\proplamatic\x64\debug\api-function.obj
c:\users\craze\documents\coding\monolith-pixel-gun-3d-main\x64\debug\proplamatic.lib
c:\users\craze\documents\coding\monolith-pixel-gun-3d-main\dependencies\proplamatic\x64\debug\proplamatic.tlog\cl.command.1.tlog
c:\users\craze\documents\coding\monolith-pixel-gun-3d-main\dependencies\proplamatic\x64\debug\proplamatic.tlog\cl.items.tlog
c:\users\craze\documents\coding\monolith-pixel-gun-3d-main\dependencies\proplamatic\x64\debug\proplamatic.tlog\cl.read.1.tlog
c:\users\craze\documents\coding\monolith-pixel-gun-3d-main\dependencies\proplamatic\x64\debug\proplamatic.tlog\cl.write.1.tlog
c:\users\craze\documents\coding\monolith-pixel-gun-3d-main\dependencies\proplamatic\x64\debug\proplamatic.tlog\lib-link.read.1.tlog
c:\users\craze\documents\coding\monolith-pixel-gun-3d-main\dependencies\proplamatic\x64\debug\proplamatic.tlog\lib-link.write.1.tlog
c:\users\craze\documents\coding\monolith-pixel-gun-3d-main\dependencies\proplamatic\x64\debug\proplamatic.tlog\lib.command.1.tlog
